2025-04-05 08:37:46.986 [info] Reading sessions from keychain...
2025-04-05 08:37:46.986 [info] Getting sessions for all scopes...
2025-04-05 08:37:46.986 [info] Got 0 sessions for ...
2025-04-05 08:37:46.988 [info] Getting sessions for all scopes...
2025-04-05 08:37:46.988 [info] Got 0 sessions for ...
2025-04-05 08:37:47.109 [info] Getting sessions for read:user,repo,user:email,workflow...
2025-04-05 08:37:47.109 [info] Got 0 sessions for read:user,repo,user:email,workflow...
2025-04-05 08:37:49.031 [info] Logging in for the following scopes: read:user repo user:email workflow
2025-04-05 08:37:49.261 [info] Trying device code flow... (read:user repo user:email workflow)
2025-04-05 08:38:07.810 [info] Getting user info...
2025-04-05 08:38:07.964 [info] Got account info!
2025-04-05 08:38:07.964 [info] Storing 1 sessions...
2025-04-05 08:38:08.076 [info] Reading sessions from keychain...
2025-04-05 08:38:08.076 [info] Stored 1 sessions!
2025-04-05 08:38:08.076 [info] Login success!
2025-04-05 08:38:08.196 [info] Got stored sessions!
2025-04-05 08:38:08.197 [info] Got 1 verified sessions.
2025-04-05 08:38:08.678 [info] Getting sessions for read:user,repo,user:email,workflow...
2025-04-05 08:38:08.678 [info] Got 1 sessions for read:user,repo,user:email,workflow...
2025-04-05 08:39:30.095 [info] Getting sessions for read:user,repo,user:email,workflow...
2025-04-05 08:39:30.095 [info] Got 1 sessions for read:user,repo,user:email,workflow...
